[    1838ms] [WARNING] ⚠️ React Router Future Flag Warning: React Router will begin wrapping state updates in `React.startTransition` in v7. You can use the `v7_startTransition` future flag to opt-in early. For more information, see https://reactrouter.com/v6/upgrading/future#v7_starttransition. @ http://localhost:5173/node_modules/.vite/deps/react-router-dom.js?v=3b35b5f6:4412
[    1838ms] [WARNING] ⚠️ React Router Future Flag Warning: Relative route resolution within Splat routes is changing in v7. You can use the `v7_relativeSplatPath` future flag to opt-in early. For more information, see https://reactrouter.com/v6/upgrading/future#v7_relativesplatpath. @ http://localhost:5173/node_modules/.vite/deps/react-router-dom.js?v=3b35b5f6:4412
[    1899ms] [ERROR] Warning: [antd: Card] `bordered` is deprecated. Please use `variant` instead. @ http://localhost:5173/node_modules/.vite/deps/chunk-WLX6G6LQ.js?v=3b35b5f6:1247
[    1974ms] [ERROR] Failed to load resource: the server responded with a status of 404 () @ http://localhost:8000/api/proxy/stats:0
[    1975ms] [ERROR] Failed to load resource: the server responded with a status of 404 () @ http://localhost:8000/api/proxy?skip=0&limit=20:0
[    2981ms] [ERROR] Failed to load resource: the server responded with a status of 404 () @ http://localhost:8000/api/proxy/stats:0
[    2981ms] [ERROR] Failed to load resource: the server responded with a status of 404 () @ http://localhost:8000/api/proxy?skip=0&limit=20:0
[    4998ms] [ERROR] Failed to load resource: the server responded with a status of 404 () @ http://localhost:8000/api/proxy/stats:0
[    4998ms] [ERROR] Failed to load resource: the server responded with a status of 404 () @ http://localhost:8000/api/proxy?skip=0&limit=20:0
[    9005ms] [ERROR] Failed to load resource: the server responded with a status of 404 () @ http://localhost:8000/api/proxy?skip=0&limit=20:0
[    9006ms] [ERROR] Failed to load resource: the server responded with a status of 404 () @ http://localhost:8000/api/proxy/stats:0
[   39018ms] [ERROR] Failed to load resource: the server responded with a status of 404 () @ http://localhost:8000/api/proxy/stats:0
[   39019ms] [ERROR] Failed to load resource: the server responded with a status of 404 () @ http://localhost:8000/api/proxy?skip=0&limit=20:0
[   40031ms] [ERROR] Failed to load resource: the server responded with a status of 404 () @ http://localhost:8000/api/proxy?skip=0&limit=20:0
[   40032ms] [ERROR] Failed to load resource: the server responded with a status of 404 () @ http://localhost:8000/api/proxy/stats:0
[   42040ms] [ERROR] Failed to load resource: the server responded with a status of 404 () @ http://localhost:8000/api/proxy?skip=0&limit=20:0
[   42041ms] [ERROR] Failed to load resource: the server responded with a status of 404 () @ http://localhost:8000/api/proxy/stats:0
[   46047ms] [ERROR] Failed to load resource: the server responded with a status of 404 () @ http://localhost:8000/api/proxy?skip=0&limit=20:0
[   46048ms] [ERROR] Failed to load resource: the server responded with a status of 404 () @ http://localhost:8000/api/proxy/stats:0
[   76068ms] [ERROR] Failed to load resource: the server responded with a status of 404 () @ http://localhost:8000/api/proxy/stats:0
[   76069ms] [ERROR] Failed to load resource: the server responded with a status of 404 () @ http://localhost:8000/api/proxy?skip=0&limit=20:0
[   77075ms] [ERROR] Failed to load resource: the server responded with a status of 404 () @ http://localhost:8000/api/proxy?skip=0&limit=20:0
[   77075ms] [ERROR] Failed to load resource: the server responded with a status of 404 () @ http://localhost:8000/api/proxy/stats:0
[   79080ms] [ERROR] Failed to load resource: the server responded with a status of 404 () @ http://localhost:8000/api/proxy/stats:0
[   79081ms] [ERROR] Failed to load resource: the server responded with a status of 404 () @ http://localhost:8000/api/proxy?skip=0&limit=20:0
[   83093ms] [ERROR] Failed to load resource: the server responded with a status of 404 () @ http://localhost:8000/api/proxy?skip=0&limit=20:0
[   83094ms] [ERROR] Failed to load resource: the server responded with a status of 404 () @ http://localhost:8000/api/proxy/stats:0
[   97161ms] [ERROR] Warning: [antd: Card] `headStyle` is deprecated. Please use `styles.header` instead. @ http://localhost:5173/node_modules/.vite/deps/chunk-WLX6G6LQ.js?v=3b35b5f6:1247
[  101774ms] [ERROR] Failed to load resource: the server responded with a status of 404 () @ http://localhost:8000/api/proxy/stats:0
[  101774ms] [ERROR] Failed to load resource: the server responded with a status of 404 () @ http://localhost:8000/api/proxy?skip=0&limit=20:0
[  102267ms] [ERROR] Failed to load resource: the server responded with a status of 404 () @ http://localhost:8000/api/proxy/tunnel-configs:0
[  103281ms] [ERROR] Failed to load resource: the server responded with a status of 404 () @ http://localhost:8000/api/proxy/tunnel-configs:0
[  105297ms] [ERROR] Failed to load resource: the server responded with a status of 404 () @ http://localhost:8000/api/proxy/tunnel-configs:0
[  109310ms] [ERROR] Failed to load resource: the server responded with a status of 404 () @ http://localhost:8000/api/proxy/tunnel-configs:0
